e:\driver development\ring0-csgo\learningrpmwpm\x64\release\vc142.pdb
e:\driver development\ring0-csgo\learningrpmwpm\x64\release\source.obj
e:\driver development\ring0-csgo\learningrpmwpm\x64\release\memory.obj
e:\driver development\ring0-csgo\learningrpmwpm\x64\release\communication.obj
e:\kernel development\ring0-csgo\learningrpmwpm\x64\release\vc142.pdb
e:\kernel development\ring0-csgo\learningrpmwpm\x64\release\source.obj
e:\kernel development\ring0-csgo\learningrpmwpm\x64\release\memory.obj
e:\kernel development\ring0-csgo\learningrpmwpm\x64\release\communication.obj
e:\driver development\ring0-csgo\learningrpmwpm\x64\release\learningrpmwpm\learningrpmwpm.cat
e:\driver development\ring0-csgo\learningrpmwpm\x64\release\learningrpmwpm.sys
e:\driver development\ring0-csgo\learningrpmwpm\x64\release\learningrpmwpm.pdb
e:\kernel development\ring0-csgo\learningrpmwpm\x64\release\learningrpmwpm.sys
e:\kernel development\ring0-csgo\learningrpmwpm\x64\release\learningrpmwpm.pdb
e:\driver development\ring0-csgo\learningrpmwpm\x64\release\learningrpmwpm.inf
e:\kernel development\ring0-csgo\learningrpmwpm\x64\release\learningrpmwpm.inf
e:\driver development\ring0-csgo\learningrpmwpm\x64\release\learningrpmwpm.tlog\cl.command.1.tlog
e:\driver development\ring0-csgo\learningrpmwpm\x64\release\learningrpmwpm.tlog\cl.read.1.tlog
e:\driver development\ring0-csgo\learningrpmwpm\x64\release\learningrpmwpm.tlog\cl.write.1.tlog
e:\driver development\ring0-csgo\learningrpmwpm\x64\release\learningrpmwpm.tlog\inf2cat-expand.10740.read.1.tlog
e:\driver development\ring0-csgo\learningrpmwpm\x64\release\learningrpmwpm.tlog\inf2cat-expand.10740.write.1.tlog
e:\driver development\ring0-csgo\learningrpmwpm\x64\release\learningrpmwpm.tlog\inf2cat-expand.11896.read.1.tlog
e:\driver development\ring0-csgo\learningrpmwpm\x64\release\learningrpmwpm.tlog\inf2cat-expand.11896.write.1.tlog
e:\driver development\ring0-csgo\learningrpmwpm\x64\release\learningrpmwpm.tlog\inf2cat-expand.12220.read.1.tlog
e:\driver development\ring0-csgo\learningrpmwpm\x64\release\learningrpmwpm.tlog\inf2cat-expand.12220.write.1.tlog
e:\driver development\ring0-csgo\learningrpmwpm\x64\release\learningrpmwpm.tlog\inf2cat-expand.12628.read.1.tlog
e:\driver development\ring0-csgo\learningrpmwpm\x64\release\learningrpmwpm.tlog\inf2cat-expand.12628.write.1.tlog
e:\driver development\ring0-csgo\learningrpmwpm\x64\release\learningrpmwpm.tlog\inf2cat-expand.13080.read.1.tlog
e:\driver development\ring0-csgo\learningrpmwpm\x64\release\learningrpmwpm.tlog\inf2cat-expand.13080.write.1.tlog
e:\driver development\ring0-csgo\learningrpmwpm\x64\release\learningrpmwpm.tlog\inf2cat-expand.14376.read.1.tlog
e:\driver development\ring0-csgo\learningrpmwpm\x64\release\learningrpmwpm.tlog\inf2cat-expand.14376.write.1.tlog
e:\driver development\ring0-csgo\learningrpmwpm\x64\release\learningrpmwpm.tlog\inf2cat-expand.14624.read.1.tlog
e:\driver development\ring0-csgo\learningrpmwpm\x64\release\learningrpmwpm.tlog\inf2cat-expand.14624.write.1.tlog
e:\driver development\ring0-csgo\learningrpmwpm\x64\release\learningrpmwpm.tlog\inf2cat-expand.15224.read.1.tlog
e:\driver development\ring0-csgo\learningrpmwpm\x64\release\learningrpmwpm.tlog\inf2cat-expand.15224.write.1.tlog
e:\driver development\ring0-csgo\learningrpmwpm\x64\release\learningrpmwpm.tlog\inf2cat-expand.15644.read.1.tlog
e:\driver development\ring0-csgo\learningrpmwpm\x64\release\learningrpmwpm.tlog\inf2cat-expand.15644.write.1.tlog
e:\driver development\ring0-csgo\learningrpmwpm\x64\release\learningrpmwpm.tlog\inf2cat-expand.15752.read.1.tlog
e:\driver development\ring0-csgo\learningrpmwpm\x64\release\learningrpmwpm.tlog\inf2cat-expand.15752.write.1.tlog
e:\driver development\ring0-csgo\learningrpmwpm\x64\release\learningrpmwpm.tlog\inf2cat-expand.15808.read.1.tlog
e:\driver development\ring0-csgo\learningrpmwpm\x64\release\learningrpmwpm.tlog\inf2cat-expand.15808.write.1.tlog
e:\driver development\ring0-csgo\learningrpmwpm\x64\release\learningrpmwpm.tlog\inf2cat-expand.16212.read.1.tlog
e:\driver development\ring0-csgo\learningrpmwpm\x64\release\learningrpmwpm.tlog\inf2cat-expand.16212.write.1.tlog
e:\driver development\ring0-csgo\learningrpmwpm\x64\release\learningrpmwpm.tlog\inf2cat-expand.16328.read.1.tlog
e:\driver development\ring0-csgo\learningrpmwpm\x64\release\learningrpmwpm.tlog\inf2cat-expand.16328.write.1.tlog
e:\driver development\ring0-csgo\learningrpmwpm\x64\release\learningrpmwpm.tlog\inf2cat-expand.16884.read.1.tlog
e:\driver development\ring0-csgo\learningrpmwpm\x64\release\learningrpmwpm.tlog\inf2cat-expand.16884.write.1.tlog
e:\driver development\ring0-csgo\learningrpmwpm\x64\release\learningrpmwpm.tlog\inf2cat-expand.17352.read.1.tlog
e:\driver development\ring0-csgo\learningrpmwpm\x64\release\learningrpmwpm.tlog\inf2cat-expand.17352.write.1.tlog
e:\driver development\ring0-csgo\learningrpmwpm\x64\release\learningrpmwpm.tlog\inf2cat-expand.17396.read.1.tlog
e:\driver development\ring0-csgo\learningrpmwpm\x64\release\learningrpmwpm.tlog\inf2cat-expand.17396.write.1.tlog
e:\driver development\ring0-csgo\learningrpmwpm\x64\release\learningrpmwpm.tlog\inf2cat-expand.2156.read.1.tlog
e:\driver development\ring0-csgo\learningrpmwpm\x64\release\learningrpmwpm.tlog\inf2cat-expand.2156.write.1.tlog
e:\driver development\ring0-csgo\learningrpmwpm\x64\release\learningrpmwpm.tlog\inf2cat-expand.2956.read.1.tlog
e:\driver development\ring0-csgo\learningrpmwpm\x64\release\learningrpmwpm.tlog\inf2cat-expand.2956.write.1.tlog
e:\driver development\ring0-csgo\learningrpmwpm\x64\release\learningrpmwpm.tlog\inf2cat-expand.3648.read.1.tlog
e:\driver development\ring0-csgo\learningrpmwpm\x64\release\learningrpmwpm.tlog\inf2cat-expand.3648.write.1.tlog
e:\driver development\ring0-csgo\learningrpmwpm\x64\release\learningrpmwpm.tlog\inf2cat-expand.7820.read.1.tlog
e:\driver development\ring0-csgo\learningrpmwpm\x64\release\learningrpmwpm.tlog\inf2cat-expand.7820.write.1.tlog
e:\driver development\ring0-csgo\learningrpmwpm\x64\release\learningrpmwpm.tlog\inf2cat-expand.7868.read.1.tlog
e:\driver development\ring0-csgo\learningrpmwpm\x64\release\learningrpmwpm.tlog\inf2cat-expand.7868.write.1.tlog
e:\driver development\ring0-csgo\learningrpmwpm\x64\release\learningrpmwpm.tlog\inf2cat-expand.8504.read.1.tlog
e:\driver development\ring0-csgo\learningrpmwpm\x64\release\learningrpmwpm.tlog\inf2cat-expand.8504.write.1.tlog
e:\driver development\ring0-csgo\learningrpmwpm\x64\release\learningrpmwpm.tlog\inf2cat-expand.9440.read.1.tlog
e:\driver development\ring0-csgo\learningrpmwpm\x64\release\learningrpmwpm.tlog\inf2cat-expand.9440.write.1.tlog
e:\driver development\ring0-csgo\learningrpmwpm\x64\release\learningrpmwpm.tlog\inf2cat-expand.968.read.1.tlog
e:\driver development\ring0-csgo\learningrpmwpm\x64\release\learningrpmwpm.tlog\inf2cat-expand.968.write.1.tlog
e:\driver development\ring0-csgo\learningrpmwpm\x64\release\learningrpmwpm.tlog\inf2cat-expand.read.1.tlog
e:\driver development\ring0-csgo\learningrpmwpm\x64\release\learningrpmwpm.tlog\inf2cat-expand.write.1.tlog
e:\driver development\ring0-csgo\learningrpmwpm\x64\release\learningrpmwpm.tlog\inf2cat.command.1.tlog
e:\driver development\ring0-csgo\learningrpmwpm\x64\release\learningrpmwpm.tlog\inf2cat.read.1.tlog
e:\driver development\ring0-csgo\learningrpmwpm\x64\release\learningrpmwpm.tlog\inf2cat.write.1.tlog
e:\driver development\ring0-csgo\learningrpmwpm\x64\release\learningrpmwpm.tlog\link.command.1.tlog
e:\driver development\ring0-csgo\learningrpmwpm\x64\release\learningrpmwpm.tlog\link.read.1.tlog
e:\driver development\ring0-csgo\learningrpmwpm\x64\release\learningrpmwpm.tlog\link.write.1.tlog
e:\driver development\ring0-csgo\learningrpmwpm\x64\release\learningrpmwpm.tlog\signtool.command.1.tlog
e:\driver development\ring0-csgo\learningrpmwpm\x64\release\learningrpmwpm.tlog\signtool.read.1.tlog
e:\driver development\ring0-csgo\learningrpmwpm\x64\release\learningrpmwpm.tlog\signtool.timestamp.1.tlog
e:\driver development\ring0-csgo\learningrpmwpm\x64\release\learningrpmwpm.tlog\signtool.write.1.tlog
e:\driver development\ring0-csgo\learningrpmwpm\x64\release\learningrpmwpm.tlog\stampinf.command.1.tlog
e:\driver development\ring0-csgo\learningrpmwpm\x64\release\learningrpmwpm.tlog\stampinf.read.1.tlog
e:\driver development\ring0-csgo\learningrpmwpm\x64\release\learningrpmwpm.tlog\stampinf.write.1.tlog
