e:\driver development\ring0-csgo\learningrpmwpmuser\x64\release\vc142.pdb
e:\driver development\ring0-csgo\learningrpmwpmuser\x64\release\source.obj
e:\driver development\ring0-csgo\learningrpmwpmuser\x64\release\memory.obj
e:\driver development\ring0-csgo\learningrpmwpmuser\x64\release\driver_interface.obj
e:\driver development\ring0-csgo\learningrpmwpmuser\x64\release\cheat.obj
e:\driver development\ring0-csgo\learningrpmwpm\x64\release\learningrpmwpmuser.ipdb
e:\driver development\ring0-csgo\learningrpmwpm\x64\release\learningrpmwpmuser.iobj
e:\driver development\ring0-csgo\learningrpmwpm\x64\release\learningrpmwpmuser.exe
e:\driver development\ring0-csgo\learningrpmwpm\x64\release\learningrpmwpmuser.pdb
e:\kernel development\ring0-csgo\learningrpmwpmuser\x64\release\cheat.obj
e:\kernel development\ring0-csgo\learningrpmwpmuser\x64\release\driver_interface.obj
e:\kernel development\ring0-csgo\learningrpmwpmuser\x64\release\memory.obj
e:\kernel development\ring0-csgo\learningrpmwpmuser\x64\release\source.obj
e:\kernel development\ring0-csgo\learningrpmwpmuser\x64\release\vc142.pdb
e:\kernel development\ring0-csgo\learningrpmwpmuser\x64\release\learning.df8b6846.tlog\cl.command.1.tlog
e:\kernel development\ring0-csgo\learningrpmwpmuser\x64\release\learning.df8b6846.tlog\cl.read.1.tlog
e:\kernel development\ring0-csgo\learningrpmwpmuser\x64\release\learning.df8b6846.tlog\cl.write.1.tlog
e:\kernel development\ring0-csgo\learningrpmwpmuser\x64\release\learning.df8b6846.tlog\learningrpmwpmuser.write.1u.tlog
e:\kernel development\ring0-csgo\learningrpmwpmuser\x64\release\learning.df8b6846.tlog\link.command.1.tlog
e:\kernel development\ring0-csgo\learningrpmwpmuser\x64\release\learning.df8b6846.tlog\link.read.1.tlog
e:\kernel development\ring0-csgo\learningrpmwpmuser\x64\release\learning.df8b6846.tlog\link.write.1.tlog
