  driver_interface.cpp
  memory.cpp
  Source.cpp
E:\Driver Development\ring0-csgo\LearningRPMWPMUser\Source.cpp(10,91): warning C4244: 'argument': conversion from 'uintptr_t' to 'ULONG', possible loss of data
E:\Driver Development\ring0-csgo\LearningRPMWPMUser\Source.cpp(10,67): warning C4244: 'argument': conversion from 'uintptr_t' to 'ULONG', possible loss of data
E:\Driver Development\ring0-csgo\LearningRPMWPMUser\Source.cpp(11,129): warning C4244: 'argument': conversion from 'uintptr_t' to 'ULONG', possible loss of data
E:\Driver Development\ring0-csgo\LearningRPMWPMUser\Source.cpp(11,59): warning C4244: 'argument': conversion from 'uintptr_t' to 'ULONG', possible loss of data
E:\Driver Development\ring0-csgo\LearningRPMWPMUser\Source.cpp(14,92): warning C4244: 'argument': conversion from 'uintptr_t' to 'ULONG', possible loss of data
E:\Driver Development\ring0-csgo\LearningRPMWPMUser\Source.cpp(14,68): warning C4244: 'argument': conversion from 'uintptr_t' to 'ULONG', possible loss of data
E:\Driver Development\ring0-csgo\LearningRPMWPMUser\Source.cpp(15,75): warning C4244: 'argument': conversion from 'uintptr_t' to 'ULONG', possible loss of data
E:\Driver Development\ring0-csgo\LearningRPMWPMUser\Source.cpp(15,51): warning C4244: 'argument': conversion from 'uintptr_t' to 'ULONG', possible loss of data
E:\Driver Development\ring0-csgo\LearningRPMWPMUser\Source.cpp(16,124): warning C4244: 'argument': conversion from 'uintptr_t' to 'ULONG', possible loss of data
E:\Driver Development\ring0-csgo\LearningRPMWPMUser\Source.cpp(16,61): warning C4244: 'argument': conversion from 'uintptr_t' to 'ULONG', possible loss of data
E:\Driver Development\ring0-csgo\LearningRPMWPMUser\Source.cpp(17,65): warning C4244: 'argument': conversion from 'uintptr_t' to 'ULONG', possible loss of data
E:\Driver Development\ring0-csgo\LearningRPMWPMUser\Source.cpp(18,68): warning C4244: 'argument': conversion from 'uintptr_t' to 'ULONG', possible loss of data
E:\Driver Development\ring0-csgo\LearningRPMWPMUser\Source.cpp(19,52): warning C4244: 'argument': conversion from 'uintptr_t' to 'ULONG', possible loss of data
E:\Driver Development\ring0-csgo\LearningRPMWPMUser\Source.cpp(29,89): warning C4244: 'argument': conversion from 'uintptr_t' to 'ULONG', possible loss of data
E:\Driver Development\ring0-csgo\LearningRPMWPMUser\Source.cpp(29,66): warning C4244: 'argument': conversion from 'uintptr_t' to 'ULONG', possible loss of data
E:\Driver Development\ring0-csgo\LearningRPMWPMUser\Source.cpp(30,17): warning C4244: '=': conversion from 'ULONG' to 'float', possible loss of data
E:\Driver Development\ring0-csgo\LearningRPMWPMUser\Source.cpp(31,15): warning C4244: '=': conversion from 'ULONG' to 'float', possible loss of data
E:\Driver Development\ring0-csgo\LearningRPMWPMUser\Source.cpp(32,16): warning C4244: '=': conversion from 'ULONG' to 'float', possible loss of data
E:\Driver Development\ring0-csgo\LearningRPMWPMUser\Source.cpp(36,72): warning C4244: 'argument': conversion from 'uintptr_t' to 'ULONG', possible loss of data
E:\Driver Development\ring0-csgo\LearningRPMWPMUser\Source.cpp(36,49): warning C4244: 'argument': conversion from 'uintptr_t' to 'ULONG', possible loss of data
E:\Driver Development\ring0-csgo\LearningRPMWPMUser\Source.cpp(39,89): warning C4244: 'argument': conversion from 'uintptr_t' to 'ULONG', possible loss of data
E:\Driver Development\ring0-csgo\LearningRPMWPMUser\Source.cpp(39,66): warning C4244: 'argument': conversion from 'uintptr_t' to 'ULONG', possible loss of data
E:\Driver Development\ring0-csgo\LearningRPMWPMUser\Source.cpp(40,15): warning C4244: '=': conversion from 'ULONG' to 'float', possible loss of data
E:\Driver Development\ring0-csgo\LearningRPMWPMUser\Source.cpp(44,72): warning C4244: 'argument': conversion from 'uintptr_t' to 'ULONG', possible loss of data
E:\Driver Development\ring0-csgo\LearningRPMWPMUser\Source.cpp(44,49): warning C4244: 'argument': conversion from 'uintptr_t' to 'ULONG', possible loss of data
E:\Driver Development\ring0-csgo\LearningRPMWPMUser\Source.cpp(51,91): warning C4244: 'argument': conversion from 'uintptr_t' to 'ULONG', possible loss of data
E:\Driver Development\ring0-csgo\LearningRPMWPMUser\Source.cpp(51,67): warning C4244: 'argument': conversion from 'uintptr_t' to 'ULONG', possible loss of data
E:\Driver Development\ring0-csgo\LearningRPMWPMUser\Source.cpp(52,90): warning C4244: 'argument': conversion from 'uintptr_t' to 'ULONG', possible loss of data
E:\Driver Development\ring0-csgo\LearningRPMWPMUser\Source.cpp(52,66): warning C4244: 'argument': conversion from 'uintptr_t' to 'ULONG', possible loss of data
E:\Driver Development\ring0-csgo\LearningRPMWPMUser\Source.cpp(55,70): warning C4244: 'argument': conversion from 'uintptr_t' to 'ULONG', possible loss of data
E:\Driver Development\ring0-csgo\LearningRPMWPMUser\Source.cpp(55,45): warning C4244: 'argument': conversion from 'uintptr_t' to 'ULONG', possible loss of data
E:\Driver Development\ring0-csgo\LearningRPMWPMUser\Source.cpp(63,50): warning C4244: 'argument': conversion from 'uintptr_t' to 'ULONG', possible loss of data
  Generating code
  Previous IPDB not found, fall back to full compilation.
E:\Driver Development\ring0-csgo\LearningRPMWPMUser\driver_interface.hpp(30): warning C4715: 'driver_interface::read_memory<unsigned __int64>': not all control paths return a value
E:\Driver Development\ring0-csgo\LearningRPMWPMUser\driver_interface.hpp(30): warning C4715: 'driver_interface::read_memory<int>': not all control paths return a value
E:\Driver Development\ring0-csgo\LearningRPMWPMUser\driver_interface.hpp(30): warning C4715: 'driver_interface::read_memory<_GLOW_STRUCT_>': not all control paths return a value
  All 21 functions were compiled because no usable IPDB/IOBJ from previous compilation was found.
  Finished generating code
  LearningRPMWPMUser.vcxproj -> E:\Driver Development\ring0-csgo\LearningRPMWPM\x64\Release\LearningRPMWPMUser.exe
